<?xml version="1.0" encoding="UTF-8"?>
<robot generator="Robot 7.2.2 (Python 3.13.2 on win32)" generated="2025-03-16T17:38:44.043451" rpa="false" schemaversion="5">
<suite id="s1" name="Csms" source="C:\Users\5-1001\CSI402\CSI403L\CSI403-W9\csms.robot">
<test id="s1-t1" name="Test CSMS" line="9">
<kw name="Open Browser" owner="SeleniumLibrary">
<msg time="2025-03-16T17:38:44.285463" level="INFO">Opening browser 'Edge' to base url 'https://studentscms.spu.ac.th/estudent/estudentlogin1.cfm'.</msg>
<arg>https://studentscms.spu.ac.th/estudent/estudentlogin1.cfm</arg>
<arg>Edge</arg>
<doc>Opens a new browser instance to the optional ``url``.</doc>
<status status="PASS" start="2025-03-16T17:38:44.285271" elapsed="3.473429"/>
</kw>
<kw name="Maximize Browser Window" owner="SeleniumLibrary">
<doc>Maximizes current browser window.</doc>
<status status="PASS" start="2025-03-16T17:38:47.759036" elapsed="0.026687"/>
</kw>
<kw name="Sleep" owner="BuiltIn">
<msg time="2025-03-16T17:38:50.786944" level="INFO">Slept 3 seconds.</msg>
<arg>3</arg>
<doc>Pauses the test executed for the given time.</doc>
<status status="PASS" start="2025-03-16T17:38:47.786175" elapsed="3.000909"/>
</kw>
<kw name="Capture Page Screenshot" owner="SeleniumLibrary">
<msg time="2025-03-16T17:38:51.162373" level="INFO" html="true">&lt;/td&gt;&lt;/tr&gt;&lt;tr&gt;&lt;td colspan="3"&gt;&lt;a href="selenium-screenshot-16.png"&gt;&lt;img src="selenium-screenshot-16.png" width="800px"&gt;&lt;/a&gt;</msg>
<doc>Takes a screenshot of the current page and embeds it into a log file.</doc>
<status status="PASS" start="2025-03-16T17:38:50.787947" elapsed="0.374516"/>
</kw>
<kw name="Input Text" owner="SeleniumLibrary">
<msg time="2025-03-16T17:38:51.163054" level="INFO">Typing text '65070100' into text field '//*[@id="username"]'.</msg>
<arg>//*[@id="username"]</arg>
<arg>65070100</arg>
<doc>Types the given ``text`` into the text field identified by ``locator``.</doc>
<status status="PASS" start="2025-03-16T17:38:51.162750" elapsed="0.073079"/>
</kw>
<kw name="Sleep" owner="BuiltIn">
<msg time="2025-03-16T17:38:54.236582" level="INFO">Slept 3 seconds.</msg>
<arg>3</arg>
<doc>Pauses the test executed for the given time.</doc>
<status status="PASS" start="2025-03-16T17:38:51.236078" elapsed="3.000810"/>
</kw>
<kw name="Capture Page Screenshot" owner="SeleniumLibrary">
<msg time="2025-03-16T17:38:54.637692" level="INFO" html="true">&lt;/td&gt;&lt;/tr&gt;&lt;tr&gt;&lt;td colspan="3"&gt;&lt;a href="selenium-screenshot-17.png"&gt;&lt;img src="selenium-screenshot-17.png" width="800px"&gt;&lt;/a&gt;</msg>
<doc>Takes a screenshot of the current page and embeds it into a log file.</doc>
<status status="PASS" start="2025-03-16T17:38:54.238212" elapsed="0.399583"/>
</kw>
<kw name="Input Password" owner="SeleniumLibrary">
<msg time="2025-03-16T17:38:54.638463" level="INFO">Typing password into text field '//*[@id="password"]'.</msg>
<msg time="2025-03-16T17:38:54.659901" level="INFO">Temporally setting log level to: NONE</msg>
<arg>//*[@id="password"]</arg>
<arg>1309902806410</arg>
<doc>Types the given password into the text field identified by ``locator``.</doc>
<status status="PASS" start="2025-03-16T17:38:54.638265" elapsed="0.122026"/>
</kw>
<kw name="Sleep" owner="BuiltIn">
<msg time="2025-03-16T17:38:57.761713" level="INFO">Slept 3 seconds.</msg>
<arg>3</arg>
<doc>Pauses the test executed for the given time.</doc>
<status status="PASS" start="2025-03-16T17:38:54.760689" elapsed="3.001229"/>
</kw>
<kw name="Capture Page Screenshot" owner="SeleniumLibrary">
<msg time="2025-03-16T17:38:58.181924" level="INFO" html="true">&lt;/td&gt;&lt;/tr&gt;&lt;tr&gt;&lt;td colspan="3"&gt;&lt;a href="selenium-screenshot-18.png"&gt;&lt;img src="selenium-screenshot-18.png" width="800px"&gt;&lt;/a&gt;</msg>
<doc>Takes a screenshot of the current page and embeds it into a log file.</doc>
<status status="PASS" start="2025-03-16T17:38:57.763315" elapsed="0.418790"/>
</kw>
<kw name="Click Element" owner="SeleniumLibrary">
<msg time="2025-03-16T17:38:58.183178" level="INFO">Clicking element '//*[@id="userForm"]/div[4]/button'.</msg>
<arg>//*[@id="userForm"]/div[4]/button</arg>
<doc>Click the element identified by ``locator``.</doc>
<status status="PASS" start="2025-03-16T17:38:58.182791" elapsed="0.118665"/>
</kw>
<kw name="Sleep" owner="BuiltIn">
<msg time="2025-03-16T17:39:01.302857" level="INFO">Slept 3 seconds.</msg>
<arg>3</arg>
<doc>Pauses the test executed for the given time.</doc>
<status status="PASS" start="2025-03-16T17:38:58.302061" elapsed="3.001096"/>
</kw>
<kw name="Capture Page Screenshot" owner="SeleniumLibrary">
<msg time="2025-03-16T17:39:01.463857" level="INFO" html="true">&lt;/td&gt;&lt;/tr&gt;&lt;tr&gt;&lt;td colspan="3"&gt;&lt;a href="selenium-screenshot-19.png"&gt;&lt;img src="selenium-screenshot-19.png" width="800px"&gt;&lt;/a&gt;</msg>
<doc>Takes a screenshot of the current page and embeds it into a log file.</doc>
<status status="PASS" start="2025-03-16T17:39:01.304233" elapsed="0.159872"/>
</kw>
<status status="PASS" start="2025-03-16T17:38:44.284479" elapsed="17.180507"/>
</test>
<test id="s1-t2" name="Test Check studentscms detail" line="30">
<kw name="Click Element" owner="SeleniumLibrary">
<msg time="2025-03-16T17:39:01.467985" level="INFO">Clicking element '//*[@id="clickmenu01a"]/button/div[1]/img'.</msg>
<arg>//*[@id="clickmenu01a"]/button/div[1]/img</arg>
<doc>Click the element identified by ``locator``.</doc>
<status status="PASS" start="2025-03-16T17:39:01.467580" elapsed="0.171230"/>
</kw>
<kw name="Sleep" owner="BuiltIn">
<msg time="2025-03-16T17:39:04.640720" level="INFO">Slept 3 seconds.</msg>
<arg>3</arg>
<doc>Pauses the test executed for the given time.</doc>
<status status="PASS" start="2025-03-16T17:39:01.639974" elapsed="3.001078"/>
</kw>
<kw name="Capture Page Screenshot" owner="SeleniumLibrary">
<msg time="2025-03-16T17:39:04.795703" level="INFO" html="true">&lt;/td&gt;&lt;/tr&gt;&lt;tr&gt;&lt;td colspan="3"&gt;&lt;a href="selenium-screenshot-20.png"&gt;&lt;img src="selenium-screenshot-20.png" width="800px"&gt;&lt;/a&gt;</msg>
<doc>Takes a screenshot of the current page and embeds it into a log file.</doc>
<status status="PASS" start="2025-03-16T17:39:04.642292" elapsed="0.153591"/>
</kw>
<kw name="Click Element" owner="SeleniumLibrary">
<msg time="2025-03-16T17:39:04.797259" level="INFO">Clicking element '//*[@id="clickmenu01a"]/div/div/div/div/div/div[1]/a/div[2]/span'.</msg>
<arg>//*[@id="clickmenu01a"]/div/div/div/div/div/div[1]/a/div[2]/span</arg>
<doc>Click the element identified by ``locator``.</doc>
<status status="PASS" start="2025-03-16T17:39:04.796878" elapsed="0.171483"/>
</kw>
<kw name="Sleep" owner="BuiltIn">
<msg time="2025-03-16T17:39:07.969880" level="INFO">Slept 3 seconds.</msg>
<arg>3</arg>
<doc>Pauses the test executed for the given time.</doc>
<status status="PASS" start="2025-03-16T17:39:04.968946" elapsed="3.001135"/>
</kw>
<kw name="Capture Page Screenshot" owner="SeleniumLibrary">
<msg time="2025-03-16T17:39:08.202357" level="INFO" html="true">&lt;/td&gt;&lt;/tr&gt;&lt;tr&gt;&lt;td colspan="3"&gt;&lt;a href="selenium-screenshot-21.png"&gt;&lt;img src="selenium-screenshot-21.png" width="800px"&gt;&lt;/a&gt;</msg>
<doc>Takes a screenshot of the current page and embeds it into a log file.</doc>
<status status="PASS" start="2025-03-16T17:39:07.971153" elapsed="0.231376"/>
</kw>
<kw name="Element Text Should Be" owner="SeleniumLibrary">
<msg time="2025-03-16T17:39:08.203576" level="INFO">Verifying element 'xpath=/html/body/div[1]/div[2]/div[1]/div[1]/div/div[1]/h4/span' contains exact text '65070100'.</msg>
<arg>xpath=/html/body/div[1]/div[2]/div[1]/div[1]/div/div[1]/h4/span</arg>
<arg>65070100</arg>
<doc>Verifies that element ``locator`` contains exact the text ``expected``.</doc>
<status status="PASS" start="2025-03-16T17:39:08.203124" elapsed="0.037079"/>
</kw>
<kw name="Sleep" owner="BuiltIn">
<msg time="2025-03-16T17:39:11.241336" level="INFO">Slept 3 seconds.</msg>
<arg>3</arg>
<doc>Pauses the test executed for the given time.</doc>
<status status="PASS" start="2025-03-16T17:39:08.240680" elapsed="3.000888"/>
</kw>
<kw name="Capture Page Screenshot" owner="SeleniumLibrary">
<msg time="2025-03-16T17:39:11.381139" level="INFO" html="true">&lt;/td&gt;&lt;/tr&gt;&lt;tr&gt;&lt;td colspan="3"&gt;&lt;a href="selenium-screenshot-22.png"&gt;&lt;img src="selenium-screenshot-22.png" width="800px"&gt;&lt;/a&gt;</msg>
<doc>Takes a screenshot of the current page and embeds it into a log file.</doc>
<status status="PASS" start="2025-03-16T17:39:11.243494" elapsed="0.137767"/>
</kw>
<kw name="Element Text Should Be" owner="SeleniumLibrary">
<msg time="2025-03-16T17:39:11.382009" level="INFO">Verifying element 'xpath=/html/body/div[1]/div[2]/div[1]/div[1]/div/div[1]/div[1]/span' contains exact text 'ขรรค์ชัย แพทย์จัตุรัส'.</msg>
<arg>xpath=/html/body/div[1]/div[2]/div[1]/div[1]/div/div[1]/div[1]/span</arg>
<arg>ขรรค์ชัย แพทย์จัตุรัส</arg>
<doc>Verifies that element ``locator`` contains exact the text ``expected``.</doc>
<status status="PASS" start="2025-03-16T17:39:11.381799" elapsed="0.015488"/>
</kw>
<kw name="Sleep" owner="BuiltIn">
<msg time="2025-03-16T17:39:14.398002" level="INFO">Slept 3 seconds.</msg>
<arg>3</arg>
<doc>Pauses the test executed for the given time.</doc>
<status status="PASS" start="2025-03-16T17:39:11.397549" elapsed="3.000667"/>
</kw>
<kw name="Capture Page Screenshot" owner="SeleniumLibrary">
<msg time="2025-03-16T17:39:14.542723" level="INFO" html="true">&lt;/td&gt;&lt;/tr&gt;&lt;tr&gt;&lt;td colspan="3"&gt;&lt;a href="selenium-screenshot-23.png"&gt;&lt;img src="selenium-screenshot-23.png" width="800px"&gt;&lt;/a&gt;</msg>
<doc>Takes a screenshot of the current page and embeds it into a log file.</doc>
<status status="PASS" start="2025-03-16T17:39:14.399001" elapsed="0.143864"/>
</kw>
<kw name="Element Text Should Be" owner="SeleniumLibrary">
<msg time="2025-03-16T17:39:14.544011" level="INFO">Verifying element 'xpath=/html/body/div[1]/div[2]/div[1]/div[1]/div/div[1]/div[3]/div/span[1]' contains exact text 'คณะ เทคโนโลยีสารสนเทศ'.</msg>
<arg>xpath=/html/body/div[1]/div[2]/div[1]/div[1]/div/div[1]/div[3]/div/span[1]</arg>
<arg>คณะ เทคโนโลยีสารสนเทศ</arg>
<doc>Verifies that element ``locator`` contains exact the text ``expected``.</doc>
<status status="PASS" start="2025-03-16T17:39:14.543514" elapsed="0.030435"/>
</kw>
<kw name="Sleep" owner="BuiltIn">
<msg time="2025-03-16T17:39:17.574941" level="INFO">Slept 3 seconds.</msg>
<arg>3</arg>
<doc>Pauses the test executed for the given time.</doc>
<status status="PASS" start="2025-03-16T17:39:14.574473" elapsed="3.000675"/>
</kw>
<kw name="Capture Page Screenshot" owner="SeleniumLibrary">
<msg time="2025-03-16T17:39:17.682819" level="INFO" html="true">&lt;/td&gt;&lt;/tr&gt;&lt;tr&gt;&lt;td colspan="3"&gt;&lt;a href="selenium-screenshot-24.png"&gt;&lt;img src="selenium-screenshot-24.png" width="800px"&gt;&lt;/a&gt;</msg>
<doc>Takes a screenshot of the current page and embeds it into a log file.</doc>
<status status="PASS" start="2025-03-16T17:39:17.575682" elapsed="0.107235"/>
</kw>
<kw name="Element Text Should Be" owner="SeleniumLibrary">
<msg time="2025-03-16T17:39:17.683309" level="INFO">Verifying element 'xpath=/html/body/div[1]/div[2]/div[1]/div[1]/div/div[1]/div[3]/div/span[2]' contains exact text 'สาขาวิชา วิทยาการคอมพิวเตอร์และนวัตกรรมการพัฒนาซอฟต์แวร์'.</msg>
<arg>xpath=/html/body/div[1]/div[2]/div[1]/div[1]/div/div[1]/div[3]/div/span[2]</arg>
<arg>สาขาวิชา วิทยาการคอมพิวเตอร์และนวัตกรรมการพัฒนาซอฟต์แวร์</arg>
<doc>Verifies that element ``locator`` contains exact the text ``expected``.</doc>
<status status="PASS" start="2025-03-16T17:39:17.683130" elapsed="0.027343"/>
</kw>
<kw name="Sleep" owner="BuiltIn">
<msg time="2025-03-16T17:39:20.711404" level="INFO">Slept 3 seconds.</msg>
<arg>3</arg>
<doc>Pauses the test executed for the given time.</doc>
<status status="PASS" start="2025-03-16T17:39:17.710783" elapsed="3.000717"/>
</kw>
<kw name="Capture Page Screenshot" owner="SeleniumLibrary">
<msg time="2025-03-16T17:39:20.872910" level="INFO" html="true">&lt;/td&gt;&lt;/tr&gt;&lt;tr&gt;&lt;td colspan="3"&gt;&lt;a href="selenium-screenshot-25.png"&gt;&lt;img src="selenium-screenshot-25.png" width="800px"&gt;&lt;/a&gt;</msg>
<doc>Takes a screenshot of the current page and embeds it into a log file.</doc>
<status status="PASS" start="2025-03-16T17:39:20.712018" elapsed="0.161029"/>
</kw>
<status status="PASS" start="2025-03-16T17:39:01.466581" elapsed="19.406890"/>
</test>
<test id="s1-t3" name="Test Check Infomations" line="50">
<kw name="Click Element" owner="SeleniumLibrary">
<msg time="2025-03-16T17:39:20.876127" level="INFO">Clicking element 'xpath=/html/body/div[1]/div[2]/div[1]/div[1]/div/div[2]/button'.</msg>
<arg>xpath=/html/body/div[1]/div[2]/div[1]/div[1]/div/div[2]/button</arg>
<doc>Click the element identified by ``locator``.</doc>
<status status="PASS" start="2025-03-16T17:39:20.875802" elapsed="0.130058"/>
</kw>
<kw name="Sleep" owner="BuiltIn">
<msg time="2025-03-16T17:39:24.007088" level="INFO">Slept 3 seconds.</msg>
<arg>3</arg>
<doc>Pauses the test executed for the given time.</doc>
<status status="PASS" start="2025-03-16T17:39:21.006405" elapsed="3.000860"/>
</kw>
<kw name="Capture Page Screenshot" owner="SeleniumLibrary">
<msg time="2025-03-16T17:39:24.204650" level="INFO" html="true">&lt;/td&gt;&lt;/tr&gt;&lt;tr&gt;&lt;td colspan="3"&gt;&lt;a href="selenium-screenshot-26.png"&gt;&lt;img src="selenium-screenshot-26.png" width="800px"&gt;&lt;/a&gt;</msg>
<doc>Takes a screenshot of the current page and embeds it into a log file.</doc>
<status status="PASS" start="2025-03-16T17:39:24.008008" elapsed="0.196775"/>
</kw>
<kw name="Element Text Should Be" owner="SeleniumLibrary">
<msg time="2025-03-16T17:39:24.205470" level="INFO">Verifying element 'xpath=//*[@id="infocontent"]/div[1]/b[4]' contains exact text '90'.</msg>
<arg>xpath=//*[@id="infocontent"]/div[1]/b[4]</arg>
<arg>90</arg>
<doc>Verifies that element ``locator`` contains exact the text ``expected``.</doc>
<status status="PASS" start="2025-03-16T17:39:24.205168" elapsed="0.031748"/>
</kw>
<kw name="Sleep" owner="BuiltIn">
<msg time="2025-03-16T17:39:27.238532" level="INFO">Slept 3 seconds.</msg>
<arg>3</arg>
<doc>Pauses the test executed for the given time.</doc>
<status status="PASS" start="2025-03-16T17:39:24.237479" elapsed="3.001286"/>
</kw>
<kw name="Capture Page Screenshot" owner="SeleniumLibrary">
<msg time="2025-03-16T17:39:27.434450" level="INFO" html="true">&lt;/td&gt;&lt;/tr&gt;&lt;tr&gt;&lt;td colspan="3"&gt;&lt;a href="selenium-screenshot-27.png"&gt;&lt;img src="selenium-screenshot-27.png" width="800px"&gt;&lt;/a&gt;</msg>
<doc>Takes a screenshot of the current page and embeds it into a log file.</doc>
<status status="PASS" start="2025-03-16T17:39:27.239931" elapsed="0.194662"/>
</kw>
<kw name="Element Text Should Be" owner="SeleniumLibrary">
<msg time="2025-03-16T17:39:27.435173" level="INFO">Verifying element 'xpath=//*[@id="infocontent"]/div[1]/b[3]' contains exact text '3.52'.</msg>
<arg>xpath=//*[@id="infocontent"]/div[1]/b[3]</arg>
<arg>3.52</arg>
<doc>Verifies that element ``locator`` contains exact the text ``expected``.</doc>
<status status="PASS" start="2025-03-16T17:39:27.434916" elapsed="0.031800"/>
</kw>
<kw name="Sleep" owner="BuiltIn">
<msg time="2025-03-16T17:39:30.467643" level="INFO">Slept 3 seconds.</msg>
<arg>3</arg>
<doc>Pauses the test executed for the given time.</doc>
<status status="PASS" start="2025-03-16T17:39:27.467132" elapsed="3.000779"/>
</kw>
<kw name="Capture Page Screenshot" owner="SeleniumLibrary">
<msg time="2025-03-16T17:39:30.688773" level="INFO" html="true">&lt;/td&gt;&lt;/tr&gt;&lt;tr&gt;&lt;td colspan="3"&gt;&lt;a href="selenium-screenshot-28.png"&gt;&lt;img src="selenium-screenshot-28.png" width="800px"&gt;&lt;/a&gt;</msg>
<doc>Takes a screenshot of the current page and embeds it into a log file.</doc>
<status status="PASS" start="2025-03-16T17:39:30.468864" elapsed="0.220259"/>
</kw>
<status status="PASS" start="2025-03-16T17:39:20.875049" elapsed="9.815151"/>
</test>
<doc>Test Registration And Use Gmail</doc>
<status status="PASS" start="2025-03-16T17:38:44.044508" elapsed="46.647781"/>
</suite>
<statistics>
<total>
<stat pass="3" fail="0" skip="0">All Tests</stat>
</total>
<tag>
</tag>
<suite>
<stat name="Csms" id="s1" pass="3" fail="0" skip="0">Csms</stat>
</suite>
</statistics>
<errors>
</errors>
</robot>
